2025-02-16 23:42:14,482 - AntiDetectBrowser.src.core.chrome_launcher - ERROR - Error creating Chrome driver: Message: session not created: cannot connect to chrome at 127.0.0.1:51890
from session not created: This version of ChromeDriver only supports Chrome version 133
Current browser version is 132.0.6834.197
Stacktrace:
	GetHandleVerifier [0x00BF02D3+25139]
	(No symbol) [0x00B7B284]
	(No symbol) [0x00A504A3]
	(No symbol) [0x00A896EB]
	(No symbol) [0x00A88729]
	(No symbol) [0x00A7ECDF]
	(No symbol) [0x00A7EB16]
	(No symbol) [0x00AC8D18]
	(No symbol) [0x00AC872A]
	(No symbol) [0x00ABCD36]
	(No symbol) [0x00A8BD29]
	(No symbol) [0x00A8D064]
	GetHandleVerifier [0x00EFB193+3215603]
	GetHandleVerifier [0x00F1230A+3310186]
	GetHandleVerifier [0x00F0C522+3286146]
	GetHandleVerifier [0x00C89CD0+654384]
	(No symbol) [0x00B8460D]
	(No symbol) [0x00B814F8]
	(No symbol) [0x00B81697]
	(No symbol) [0x00B73D70]
	BaseThreadInitThunk [0x75A1FCC9+25]
	RtlGetAppContainerNamedObjectPath [0x7769809E+286]
	RtlGetAppContainerNamedObjectPath [0x7769806E+238]

